This is pdfTeX, Version 3.14159265-2.6-1.40.16 (TeX Live 2015/Arch Linux) (preloaded format=pdflatex 2016.6.29)  12 JUL 2016 16:49
entering extended mode
 restricted \write18 enabled.
 %&-line parsing enabled.
**clustream.tex
(./clustream.tex
LaTeX2e <2015/10/01> patch level 2
Babel <3.9m> and hyphenation patterns for 79 languages loaded.
(./llncs.cls
Document Class: llncs 2014/03/31 v2.19 
 LaTeX document class for Lecture Notes in Computer Science
(/usr/share/texmf-dist/tex/latex/base/article.cls
Document Class: article 2014/09/29 v1.4h Standard LaTeX document class
(/usr/share/texmf-dist/tex/latex/base/size10.clo
File: size10.clo 2014/09/29 v1.4h Standard LaTeX file (size option)
)
\c@part=\count79
\c@section=\count80
\c@subsection=\count81
\c@subsubsection=\count82
\c@paragraph=\count83
\c@subparagraph=\count84
\c@figure=\count85
\c@table=\count86
\abovecaptionskip=\skip41
\belowcaptionskip=\skip42
\bibindent=\dimen102
)
(/usr/share/texmf-dist/tex/latex/tools/multicol.sty
Package: multicol 2015/08/19 v1.8n multicolumn formatting (FMi)
\c@tracingmulticols=\count87
\mult@box=\box26
\multicol@leftmargin=\dimen103
\c@unbalance=\count88
\c@collectmore=\count89
\doublecol@number=\count90
\multicoltolerance=\count91
\multicolpretolerance=\count92
\full@width=\dimen104
\page@free=\dimen105
\premulticols=\dimen106
\postmulticols=\dimen107
\multicolsep=\skip43
\multicolbaselineskip=\skip44
\partial@page=\box27
\last@line=\box28
\maxbalancingoverflow=\dimen108
\mult@rightbox=\box29
\mult@grightbox=\box30
\mult@gfirstbox=\box31
\mult@firstbox=\box32
\@tempa=\box33
\@tempa=\box34
\@tempa=\box35
\@tempa=\box36
\@tempa=\box37
\@tempa=\box38
\@tempa=\box39
\@tempa=\box40
\@tempa=\box41
\@tempa=\box42
\@tempa=\box43
\@tempa=\box44
\@tempa=\box45
\@tempa=\box46
\@tempa=\box47
\@tempa=\box48
\@tempa=\box49
\c@columnbadness=\count93
\c@finalcolumnbadness=\count94
\last@try=\dimen109
\multicolovershoot=\dimen110
\multicolundershoot=\dimen111
\mult@nat@firstbox=\box50
\colbreak@box=\box51
\mc@col@check@num=\count95
) (./aliascnt.sty
Package: aliascnt 2009/09/08 v1.3 Alias counter (HO)

(./remreset.sty))
\c@chapter=\count96
LaTeX Font Info:    Redeclaring math symbol \Gamma on input line 362.
LaTeX Font Info:    Redeclaring math symbol \Delta on input line 363.
LaTeX Font Info:    Redeclaring math symbol \Theta on input line 364.
LaTeX Font Info:    Redeclaring math symbol \Lambda on input line 365.
LaTeX Font Info:    Redeclaring math symbol \Xi on input line 366.
LaTeX Font Info:    Redeclaring math symbol \Pi on input line 367.
LaTeX Font Info:    Redeclaring math symbol \Sigma on input line 368.
LaTeX Font Info:    Redeclaring math symbol \Upsilon on input line 369.
LaTeX Font Info:    Redeclaring math symbol \Phi on input line 370.
LaTeX Font Info:    Redeclaring math symbol \Psi on input line 371.
LaTeX Font Info:    Redeclaring math symbol \Omega on input line 372.
\tocchpnum=\dimen112
\tocsecnum=\dimen113
\tocsectotal=\dimen114
\tocsubsecnum=\dimen115
\tocsubsectotal=\dimen116
\tocsubsubsecnum=\dimen117
\tocsubsubsectotal=\dimen118
\tocparanum=\dimen119
\tocparatotal=\dimen120
\tocsubparanum=\dimen121
\@tempcntc=\count97
\fnindent=\dimen122
\c@@inst=\count98
\c@@auth=\count99
\c@auco=\count100
\instindent=\dimen123
\authrun=\box52
\authorrunning=\toks14
\tocauthor=\toks15
\titrun=\box53
\titlerunning=\toks16
\toctitle=\toks17
\c@theorem=\count101
\c@case=\count102
\c@conjecture=\count103
\c@corollary=\count104
\c@definition=\count105
\c@example=\count106
\c@exercise=\count107
\c@lemma=\count108
\c@note=\count109
\c@problem=\count110
\c@property=\count111
\c@proposition=\count112
\c@question=\count113
\c@solution=\count114
\c@remark=\count115
\headlineindent=\dimen124
) (/usr/share/texmf-dist/tex/latex/base/makeidx.sty
Package: makeidx 2014/09/29 v1.0m Standard LaTeX package
)
(/usr/share/texmf-dist/tex/latex/graphics/graphicx.sty
Package: graphicx 2014/10/28 v1.0g Enhanced LaTeX Graphics (DPC,SPQR)

(/usr/share/texmf-dist/tex/latex/graphics/keyval.sty
Package: keyval 2014/10/28 v1.15 key=value parser (DPC)
\KV@toks@=\toks18
)
(/usr/share/texmf-dist/tex/latex/graphics/graphics.sty
Package: graphics 2014/10/28 v1.0p Standard LaTeX Graphics (DPC,SPQR)

(/usr/share/texmf-dist/tex/latex/graphics/trig.sty
Package: trig 1999/03/16 v1.09 sin cos tan (DPC)
)
(/usr/share/texmf-dist/tex/latex/latexconfig/graphics.cfg
File: graphics.cfg 2010/04/23 v1.9 graphics configuration of TeX Live
)
Package graphics Info: Driver file: pdftex.def on input line 94.

(/usr/share/texmf-dist/tex/latex/pdftex-def/pdftex.def
File: pdftex.def 2011/05/27 v0.06d Graphics/color for pdfTeX

(/usr/share/texmf-dist/tex/generic/oberdiek/infwarerr.sty
Package: infwarerr 2010/04/08 v1.3 Providing info/warning/error messages (HO)
)
(/usr/share/texmf-dist/tex/generic/oberdiek/ltxcmds.sty
Package: ltxcmds 2011/11/09 v1.22 LaTeX kernel commands for general use (HO)
)
\Gread@gobject=\count116
))
\Gin@req@height=\dimen125
\Gin@req@width=\dimen126
)
(/usr/share/texmf-dist/tex/latex/subfigure/subfigure.sty
Package: subfigure 2002/03/15 v2.1.5 subfigure package
\subfigtopskip=\skip45
\subfigcapskip=\skip46
\subfigcaptopadj=\dimen127
\subfigbottomskip=\skip47
\subfigcapmargin=\dimen128
\subfiglabelskip=\skip48
\c@subfigure=\count117
\c@lofdepth=\count118
\c@subtable=\count119
\c@lotdepth=\count120

****************************************
* Local config file subfigure.cfg used *
****************************************
(/usr/share/texmf-dist/tex/latex/subfigure/subfigure.cfg)
\subfig@top=\skip49
\subfig@bottom=\skip50
) (./clustream.aux)
\openout1 = `clustream.aux'.

LaTeX Font Info:    Checking defaults for OML/cmm/m/it on input line 12.
LaTeX Font Info:    ... okay on input line 12.
LaTeX Font Info:    Checking defaults for T1/cmr/m/n on input line 12.
LaTeX Font Info:    ... okay on input line 12.
LaTeX Font Info:    Checking defaults for OT1/cmr/m/n on input line 12.
LaTeX Font Info:    ... okay on input line 12.
LaTeX Font Info:    Checking defaults for OMS/cmsy/m/n on input line 12.
LaTeX Font Info:    ... okay on input line 12.
LaTeX Font Info:    Checking defaults for OMX/cmex/m/n on input line 12.
LaTeX Font Info:    ... okay on input line 12.
LaTeX Font Info:    Checking defaults for U/cmr/m/n on input line 12.
LaTeX Font Info:    ... okay on input line 12.

(/usr/share/texmf-dist/tex/context/base/supp-pdf.mkii
[Loading MPS to PDF converter (version 2006.09.02).]
\scratchcounter=\count121
\scratchdimen=\dimen129
\scratchbox=\box54
\nofMPsegments=\count122
\nofMParguments=\count123
\everyMPshowfont=\toks19
\MPscratchCnt=\count124
\MPscratchDim=\dimen130
\MPnumerator=\count125
\makeMPintoPDFobject=\count126
\everyMPtoPDFconversion=\toks20
) (/usr/share/texmf-dist/tex/generic/oberdiek/pdftexcmds.sty
Package: pdftexcmds 2011/11/29 v0.20 Utility functions of pdfTeX for LuaTeX (HO
)

(/usr/share/texmf-dist/tex/generic/oberdiek/ifluatex.sty
Package: ifluatex 2010/03/01 v1.3 Provides the ifluatex switch (HO)
Package ifluatex Info: LuaTeX not detected.
)
(/usr/share/texmf-dist/tex/generic/oberdiek/ifpdf.sty
Package: ifpdf 2011/01/30 v2.3 Provides the ifpdf switch (HO)
Package ifpdf Info: pdfTeX in PDF mode is detected.
)
Package pdftexcmds Info: LuaTeX not detected.
Package pdftexcmds Info: \pdf@primitive is available.
Package pdftexcmds Info: \pdf@ifprimitive is available.
Package pdftexcmds Info: \pdfdraftmode found.
)
(/usr/share/texmf-dist/tex/latex/oberdiek/epstopdf-base.sty
Package: epstopdf-base 2010/02/09 v2.5 Base part for package epstopdf

(/usr/share/texmf-dist/tex/latex/oberdiek/grfext.sty
Package: grfext 2010/08/19 v1.1 Manage graphics extensions (HO)

(/usr/share/texmf-dist/tex/generic/oberdiek/kvdefinekeys.sty
Package: kvdefinekeys 2011/04/07 v1.3 Define keys (HO)
))
(/usr/share/texmf-dist/tex/latex/oberdiek/kvoptions.sty
Package: kvoptions 2011/06/30 v3.11 Key value format for package options (HO)

(/usr/share/texmf-dist/tex/generic/oberdiek/kvsetkeys.sty
Package: kvsetkeys 2012/04/25 v1.16 Key value parser (HO)

(/usr/share/texmf-dist/tex/generic/oberdiek/etexcmds.sty
Package: etexcmds 2011/02/16 v1.5 Avoid name clashes with e-TeX commands (HO)
Package etexcmds Info: Could not find \expanded.
(etexcmds)             That can mean that you are not using pdfTeX 1.50 or
(etexcmds)             that some package has redefined \expanded.
(etexcmds)             In the latter case, load this package earlier.
)))
Package grfext Info: Graphics extension search list:
(grfext)             [.png,.pdf,.jpg,.mps,.jpeg,.jbig2,.jb2,.PNG,.PDF,.JPG,.JPE
G,.JBIG2,.JB2,.eps]
(grfext)             \AppendGraphicsExtensions on input line 452.

(/usr/share/texmf-dist/tex/latex/latexconfig/epstopdf-sys.cfg
File: epstopdf-sys.cfg 2010/07/13 v1.3 Configuration of (r)epstopdf for TeX Liv
e
)) [1



{/var/lib/texmf/fonts/map/pdftex/updmap/pdftex.map}]
LaTeX Font Info:    External font `cmex10' loaded for size
(Font)              <7> on input line 55.
LaTeX Font Info:    External font `cmex10' loaded for size
(Font)              <5> on input line 55.
 [2

] [3] (./clustream.toc)
\tf@toc=\write3
\openout3 = `clustream.toc'.

 [4

]
LaTeX Font Info:    External font `cmex10' loaded for size
(Font)              <9> on input line 196.
LaTeX Font Info:    External font `cmex10' loaded for size
(Font)              <6> on input line 196.


LaTeX Warning: Citation `clustreamOrig' on page 1 undefined on input line 219.


LaTeX Warning: Citation `clustreamOrig' on page 1 undefined on input line 228.

[1

]
Missing character: There is no ‚ in font cmr10!
Missing character: There is no Ä in font cmr10!
Missing character: There is no ù in font cmr10!
Missing character: There is no ‚ in font cmr10!
Missing character: There is no Ä in font cmr10!
Missing character: There is no ù in font cmr10!
Missing character: There is no ‚ in font cmr10!
Missing character: There is no Ä in font cmr10!
Missing character: There is no ù in font cmr10!
Missing character: There is no ‚ in font cmr10!
Missing character: There is no Ä in font cmr10!
Missing character: There is no ù in font cmr10!


LaTeX Warning: Citation `samoa' on page 2 undefined on input line 258.


LaTeX Warning: Citation `SparkResearch' on page 2 undefined on input line 281.

[2] <./styles/streaming-flow.png, id=31, 516.0078pt x 115.1502pt>
File: ./styles/streaming-flow.png Graphic file (type png)

<use ./styles/streaming-flow.png>
Package pdftex.def Info: ./styles/streaming-flow.png used on input line 300.
(pdftex.def)             Requested size: 309.60706pt x 69.09065pt.


LaTeX Warning: `!h' float specifier changed to `!ht'.


LaTeX Warning: Citation `sparkStreaming' on page 3 undefined on input line 306.


<./styles/streaming-dstream.png, id=33, 525.6438pt x 115.1502pt>
File: ./styles/streaming-dstream.png Graphic file (type png)

<use ./styles/streaming-dstream.png>
Package pdftex.def Info: ./styles/streaming-dstream.png used on input line 311.

(pdftex.def)             Requested size: 315.38872pt x 69.09065pt.


LaTeX Warning: `!h' float specifier changed to `!ht'.

[3]

LaTeX Warning: Citation `zhang96birch' on page 4 undefined on input line 336.


LaTeX Warning: Citation `clustreamOrig' on page 4 undefined on input line 336.

[4 <./styles/streaming-flow.png> <./styles/streaming-dstream.png>]

LaTeX Warning: Citation `clustreamOrig' on page 5 undefined on input line 343.


LaTeX Warning: Citation `clustreamOrig' on page 5 undefined on input line 366.

[5] <./styles/pyramidalFrame.png, id=52, 304.88907pt x 124.96687pt>
File: ./styles/pyramidalFrame.png Graphic file (type png)

<use ./styles/pyramidalFrame.png>
Package pdftex.def Info: ./styles/pyramidalFrame.png used on input line 372.
(pdftex.def)             Requested size: 304.88832pt x 124.96657pt.
 [6 <./styles/pyramidalFrame.png>]

LaTeX Warning: Reference `findingoutliers' on page 7 undefined on input line 40
9.


LaTeX Warning: Reference `handlingoutliers' on page 7 undefined on input line 4
16.

[7]
Overfull \hbox (93.31013pt too wide) in paragraph at lines 430--431
 \OT1/cmr/bx/n/10 Assig-na-tion[] \OT1/cmr/m/n/10 When a point $\OML/cmm/m/it/1
0 X[]$ \OT1/cmr/m/n/10 is as-signed to a micro-cluster, the tu-ple $([]\OML/cmm
/m/it/10 ; []; CF\OT1/cmr/m/n/10 2[]\OML/cmm/m/it/10 ; CF\OT1/cmr/m/n/10 1[]\OM
L/cmm/m/it/10 ; n\OT1/cmr/m/n/10 )$
 []

[8]

LaTeX Warning: Citation `clustreamOrig' on page 9 undefined on input line 493.

[9]

LaTeX Warning: Citation `clustreamOrig' on page 10 undefined on input line 507.


<./styles/2000h1-orig.png, id=69, 458.46281pt x 281.55188pt>
File: ./styles/2000h1-orig.png Graphic file (type png)

<use ./styles/2000h1-orig.png>
Package pdftex.def Info: ./styles/2000h1-orig.png used on input line 511.
(pdftex.def)             Requested size: 275.0798pt x 168.93242pt.


LaTeX Warning: Citation `clustreamOrig' on page 10 undefined on input line 513.


<./styles/2000h1.png, id=70, 578.16pt x 433.62pt>
File: ./styles/2000h1.png Graphic file (type png)
 <use ./styles/2000h1.png>
Package pdftex.def Info: ./styles/2000h1.png used on input line 523.
(pdftex.def)             Requested size: 289.07928pt x 216.80946pt.


LaTeX Warning: `!h' float specifier changed to `!ht'.


LaTeX Warning: Citation `clustreamOrig' on page 10 undefined on input line 529.


[10 <./styles/2000h1-orig.png>] [11 <./styles/2000h1.png>]
<./styles/200h256.png, id=79, 578.16pt x 433.62pt>
File: ./styles/200h256.png Graphic file (type png)
 <use ./styles/200h256.png>
Package pdftex.def Info: ./styles/200h256.png used on input line 554.
(pdftex.def)             Requested size: 142.26378pt x 106.69768pt.

<./styles/200h256-orig.png, id=80, 466.74374pt x 316.18124pt>
File: ./styles/200h256-orig.png Graphic file (type png)

<use ./styles/200h256-orig.png>
Package pdftex.def Info: ./styles/200h256-orig.png used on input line 556.
(pdftex.def)             Requested size: 142.26378pt x 96.37pt.


LaTeX Warning: Citation `clustreamOrig' on page 12 undefined on input line 556.


<./styles/perf20-2.png, id=81, 844.1136pt x 619.3539pt>
File: ./styles/perf20-2.png Graphic file (type png)

<use ./styles/perf20-2.png>
Package pdftex.def Info: ./styles/perf20-2.png used on input line 584.
(pdftex.def)             Requested size: 329.20297pt x 241.54704pt.


LaTeX Warning: `!h' float specifier changed to `!ht'.

[12 <./styles/200h256.png> <./styles/200h256-orig.png>]
<./styles/perf20-100.png, id=87, 844.1136pt x 619.3539pt>
File: ./styles/perf20-100.png Graphic file (type png)

<use ./styles/perf20-100.png>
Package pdftex.def Info: ./styles/perf20-100.png used on input line 596.
(pdftex.def)             Requested size: 337.63945pt x 247.73717pt.


LaTeX Warning: `!h' float specifier changed to `!ht'.

<./styles/perf200-2.png, id=88, 832.5504pt x 607.7907pt>
File: ./styles/perf200-2.png Graphic file (type png)

<use ./styles/perf200-2.png>
Package pdftex.def Info: ./styles/perf200-2.png used on input line 606.
(pdftex.def)             Requested size: 349.66878pt x 255.27036pt.

Overfull \hbox (2.54524pt too wide) in paragraph at lines 606--607
 [][] 
 []


LaTeX Warning: `!h' float specifier changed to `!ht'.

[13 <./styles/perf20-2.png>]
<./styles/perf200-100.png, id=93, 844.1136pt x 619.3539pt>
File: ./styles/perf200-100.png Graphic file (type png)

<use ./styles/perf200-100.png>
Package pdftex.def Info: ./styles/perf200-100.png used on input line 615.
(pdftex.def)             Requested size: 337.63945pt x 247.73717pt.


LaTeX Warning: `!h' float specifier changed to `!ht'.


LaTeX Warning: Reference `validation' on page 14 undefined on input line 632.

[14 <./styles/perf20-100.png>] [15 <./styles/perf200-2.png>]

LaTeX Warning: Reference `validation' on page 16 undefined on input line 651.

<./styles/comparison2000.png, id=103, 922.1652pt x 462.528pt>
File: ./styles/comparison2000.png Graphic file (type png)

<use ./styles/comparison2000.png>
Package pdftex.def Info: ./styles/comparison2000.png used on input line 659.
(pdftex.def)             Requested size: 368.85954pt x 185.0079pt.

Overfull \hbox (21.73601pt too wide) in paragraph at lines 659--660
 [][] 
 []

[16 <./styles/perf200-100.png>]
<./styles/comparisonNoSnaps.png, id=108, 738.5994pt x 433.62pt>
File: ./styles/comparisonNoSnaps.png Graphic file (type png)

<use ./styles/comparisonNoSnaps.png>
Package pdftex.def Info: ./styles/comparisonNoSnaps.png used on input line 672.

(pdftex.def)             Requested size: 295.43452pt x 173.44492pt.


LaTeX Warning: `h' float specifier changed to `ht'.

[17 <./styles/comparison2000.png>]
<./styles/comparison200.png, id=113, 1086.2181pt x 560.8152pt>
File: ./styles/comparison200.png Graphic file (type png)

<use ./styles/comparison200.png>
Package pdftex.def Info: ./styles/comparison200.png used on input line 685.
(pdftex.def)             Requested size: 401.8944pt x 207.49837pt.

Overfull \hbox (54.77086pt too wide) in paragraph at lines 685--686
 [][] 
 []


Underfull \vbox (badness 10000) has occurred while \output is active []

 [18 <./styles/comparisonNoSnaps.png> <./styles/comparison200.png>]
<./styles/comparisonNoSnaps2.png, id=119, 738.5994pt x 480.5955pt>
File: ./styles/comparisonNoSnaps2.png Graphic file (type png)

<use ./styles/comparisonNoSnaps2.png>
Package pdftex.def Info: ./styles/comparisonNoSnaps2.png used on input line 706
.
(pdftex.def)             Requested size: 295.43452pt x 192.23479pt.


LaTeX Warning: Reference `validation' on page 19 undefined on input line 715.


Overfull \hbox (11.57085pt too wide) in paragraph at lines 715--716
\OT1/cmr/m/n/10 In this sec-tion, the scal-a-bil-ity of \OT1/cmr/m/it/10 Spark-
CluStream \OT1/cmr/m/n/10 is com-pared to that of \OT1/cmr/m/it/10 StreamDM-
 []

<./styles/perfComp2.png, id=120, 521.7894pt x 403.9893pt>
File: ./styles/perfComp2.png Graphic file (type png)

<use ./styles/perfComp2.png>
Package pdftex.def Info: ./styles/perfComp2.png used on input line 720.
(pdftex.def)             Requested size: 245.24104pt x 189.87498pt.
 [19 <./styles/comparisonNoSnaps2.png>]
<./styles/perfComp100.png, id=125, 513.117pt x 409.0482pt>
File: ./styles/perfComp100.png Graphic file (type png)

<use ./styles/perfComp100.png>
Package pdftex.def Info: ./styles/perfComp100.png used on input line 729.
(pdftex.def)             Requested size: 241.16502pt x 192.25267pt.


LaTeX Warning: `!h' float specifier changed to `!ht'.

<./styles/scalComp2.png, id=126, 578.16pt x 433.62pt>
File: ./styles/scalComp2.png Graphic file (type png)

<use ./styles/scalComp2.png>
Package pdftex.def Info: ./styles/scalComp2.png used on input line 739.
(pdftex.def)             Requested size: 271.73523pt x 203.80142pt.


LaTeX Warning: `!h' float specifier changed to `!ht'.

<./styles/scalComp100.png, id=127, 522.5121pt x 403.2666pt>
File: ./styles/scalComp100.png Graphic file (type png)

<use ./styles/scalComp100.png>
Package pdftex.def Info: ./styles/scalComp100.png used on input line 748.
(pdftex.def)             Requested size: 245.58072pt x 189.53532pt.


LaTeX Warning: `!h' float specifier changed to `!ht'.

<./styles/singlemachine.png, id=128, 514.5624pt x 393.8715pt>
File: ./styles/singlemachine.png Graphic file (type png)

<use ./styles/singlemachine.png>
Package pdftex.def Info: ./styles/singlemachine.png used on input line 763.
(pdftex.def)             Requested size: 241.84436pt x 185.11963pt.


LaTeX Warning: `!h' float specifier changed to `!ht'.


Overfull \hbox (2.21498pt too wide) in paragraph at lines 768--769
[]\OT1/cmr/m/n/10 The re-sults shown in Fig-ure 19[] are quite re-mark-able. As
 \OT1/cmr/m/it/10 StreamDM-CluStream
 []


Underfull \vbox (badness 3333) has occurred while \output is active []

 [20 <./styles/perfComp2.png>] [21 <./styles/perfComp100.png> <./styles/scalCom
p2.png>]
[22 <./styles/scalComp100.png> <./styles/singlemachine.png>] [23]
No file clustream.ind.
(./subjidx.ind
Underfull \hbox (badness 10000) in paragraph at lines 17--18
[]\OT1/cmr/m/n/9 Angular mo-men-tum states 107, 321,
 []


Underfull \hbox (badness 10000) in paragraph at lines 38--39
[]\OT1/cmr/m/n/9 Brillouin-Wigner per-tur-ba-tion the-ory
 []


Underfull \hbox (badness 10000) in paragraph at lines 62--63
[]\OT1/cmr/m/n/9 Exchange term 228, 231, 237, 241, 268,
 []

) [24


] (./clustream.aux)

LaTeX Warning: There were undefined references.

 ) 
Here is how much of TeX's memory you used:
 2238 strings out of 493054
 31384 string characters out of 6140586
 104240 words of memory out of 5000000
 5716 multiletter control sequences out of 15000+600000
 9412 words of font info for 33 fonts, out of 8000000 for 9000
 1141 hyphenation exceptions out of 8191
 38i,10n,24p,731b,339s stack positions out of 5000i,500n,10000p,200000b,80000s
</usr/share/texmf-dist/fonts/type1/public/amsfonts/cm/cmbx10.pfb></usr/share/
texmf-dist/fonts/type1/public/amsfonts/cm/cmbx12.pfb></usr/share/texmf-dist/fon
ts/type1/public/amsfonts/cm/cmbx9.pfb></usr/share/texmf-dist/fonts/type1/public
/amsfonts/cm/cmbxti10.pfb></usr/share/texmf-dist/fonts/type1/public/amsfonts/cm
/cmex10.pfb></usr/share/texmf-dist/fonts/type1/public/amsfonts/cm/cmmi10.pfb></
usr/share/texmf-dist/fonts/type1/public/amsfonts/cm/cmmi5.pfb></usr/share/texmf
-dist/fonts/type1/public/amsfonts/cm/cmmi6.pfb></usr/share/texmf-dist/fonts/typ
e1/public/amsfonts/cm/cmmi7.pfb></usr/share/texmf-dist/fonts/type1/public/amsfo
nts/cm/cmmi9.pfb></usr/share/texmf-dist/fonts/type1/public/amsfonts/cm/cmr10.pf
b></usr/share/texmf-dist/fonts/type1/public/amsfonts/cm/cmr5.pfb></usr/share/te
xmf-dist/fonts/type1/public/amsfonts/cm/cmr6.pfb></usr/share/texmf-dist/fonts/t
ype1/public/amsfonts/cm/cmr7.pfb></usr/share/texmf-dist/fonts/type1/public/amsf
onts/cm/cmr9.pfb></usr/share/texmf-dist/fonts/type1/public/amsfonts/cm/cmsy10.p
fb></usr/share/texmf-dist/fonts/type1/public/amsfonts/cm/cmsy7.pfb></usr/share/
texmf-dist/fonts/type1/public/amsfonts/cm/cmsy9.pfb></usr/share/texmf-dist/font
s/type1/public/amsfonts/cm/cmti10.pfb></usr/share/texmf-dist/fonts/type1/public
/amsfonts/cm/cmti9.pfb></usr/share/texmf-dist/fonts/type1/public/amsfonts/cm/cm
tt9.pfb>
Output written on clustream.pdf (28 pages, 1021442 bytes).
PDF statistics:
 212 PDF objects out of 1000 (max. 8388607)
 127 compressed objects within 2 object streams
 0 named destinations out of 1000 (max. 500000)
 101 words of extra memory for PDF output out of 10000 (max. 10000000)

