This is pdfTeX, Version 3.14159265-2.6-1.40.16 (MiKTeX 2.9) (preloaded format=pdflatex 2016.5.13)  4 AUG 2016 18:12
entering extended mode
**./main.tex
(main.tex
LaTeX2e <2015/10/01> patch level 2
Babel <3.9n> and hyphenation patterns for 69 languages loaded.
(IEEEtran.cls
Document Class: IEEEtran 2007/03/05 V1.7a by Michael Shell
-- See the "IEEEtran_HOWTO" manual for usage information.
-- http://www.michaelshell.org/tex/ieeetran/
\@IEEEtrantmpdimenA=\dimen102
\@IEEEtrantmpdimenB=\dimen103
\@IEEEtrantmpcountA=\count79
\@IEEEtrantmpcountB=\count80
\@IEEEtrantmptoksA=\toks14
LaTeX Font Info:    Try loading font information for OT1+ptm on input line 373.

("C:\Users\Ntoutsi\AppData\Local\Programs\MiKTeX 2.9\tex\latex\psnfss\ot1ptm.fd
"
File: ot1ptm.fd 2001/06/04 font definitions for OT1/ptm.
)
-- Using 8.5in x 11in (letter) paper.
-- Using PDF output.
\@IEEEnormalsizeunitybaselineskip=\dimen104
-- This is a 10 point document.
\CLASSINFOnormalsizebaselineskip=\dimen105
\CLASSINFOnormalsizeunitybaselineskip=\dimen106
\IEEEnormaljot=\dimen107
LaTeX Font Info:    Font shape `OT1/ptm/bx/n' in size <5> not available
(Font)              Font shape `OT1/ptm/b/n' tried instead on input line 731.
LaTeX Font Info:    Font shape `OT1/ptm/bx/it' in size <5> not available
(Font)              Font shape `OT1/ptm/b/it' tried instead on input line 731.
LaTeX Font Info:    Font shape `OT1/ptm/bx/n' in size <7> not available
(Font)              Font shape `OT1/ptm/b/n' tried instead on input line 731.
LaTeX Font Info:    Font shape `OT1/ptm/bx/it' in size <7> not available
(Font)              Font shape `OT1/ptm/b/it' tried instead on input line 731.
LaTeX Font Info:    Font shape `OT1/ptm/bx/n' in size <8> not available
(Font)              Font shape `OT1/ptm/b/n' tried instead on input line 731.
LaTeX Font Info:    Font shape `OT1/ptm/bx/it' in size <8> not available
(Font)              Font shape `OT1/ptm/b/it' tried instead on input line 731.
LaTeX Font Info:    Font shape `OT1/ptm/bx/n' in size <9> not available
(Font)              Font shape `OT1/ptm/b/n' tried instead on input line 731.
LaTeX Font Info:    Font shape `OT1/ptm/bx/it' in size <9> not available
(Font)              Font shape `OT1/ptm/b/it' tried instead on input line 731.
LaTeX Font Info:    Font shape `OT1/ptm/bx/n' in size <10> not available
(Font)              Font shape `OT1/ptm/b/n' tried instead on input line 731.
LaTeX Font Info:    Font shape `OT1/ptm/bx/it' in size <10> not available
(Font)              Font shape `OT1/ptm/b/it' tried instead on input line 731.
LaTeX Font Info:    Font shape `OT1/ptm/bx/n' in size <11> not available
(Font)              Font shape `OT1/ptm/b/n' tried instead on input line 731.
LaTeX Font Info:    Font shape `OT1/ptm/bx/it' in size <11> not available
(Font)              Font shape `OT1/ptm/b/it' tried instead on input line 731.
LaTeX Font Info:    Font shape `OT1/ptm/bx/n' in size <12> not available
(Font)              Font shape `OT1/ptm/b/n' tried instead on input line 731.
LaTeX Font Info:    Font shape `OT1/ptm/bx/it' in size <12> not available
(Font)              Font shape `OT1/ptm/b/it' tried instead on input line 731.
LaTeX Font Info:    Font shape `OT1/ptm/bx/n' in size <17> not available
(Font)              Font shape `OT1/ptm/b/n' tried instead on input line 731.
LaTeX Font Info:    Font shape `OT1/ptm/bx/it' in size <17> not available
(Font)              Font shape `OT1/ptm/b/it' tried instead on input line 731.
LaTeX Font Info:    Font shape `OT1/ptm/bx/n' in size <20> not available
(Font)              Font shape `OT1/ptm/b/n' tried instead on input line 731.
LaTeX Font Info:    Font shape `OT1/ptm/bx/it' in size <20> not available
(Font)              Font shape `OT1/ptm/b/it' tried instead on input line 731.
LaTeX Font Info:    Font shape `OT1/ptm/bx/n' in size <24> not available
(Font)              Font shape `OT1/ptm/b/n' tried instead on input line 731.
LaTeX Font Info:    Font shape `OT1/ptm/bx/it' in size <24> not available
(Font)              Font shape `OT1/ptm/b/it' tried instead on input line 731.
\IEEEilabelindentA=\dimen108
\IEEEilabelindentB=\dimen109
\IEEEilabelindent=\dimen110
\IEEEelabelindent=\dimen111
\IEEEdlabelindent=\dimen112
\IEEElabelindent=\dimen113
\IEEEiednormlabelsep=\dimen114
\IEEEiedmathlabelsep=\dimen115
\IEEEiedtopsep=\skip41
\c@section=\count81
\c@subsection=\count82
\c@subsubsection=\count83
\c@paragraph=\count84
\c@IEEEsubequation=\count85
\abovecaptionskip=\skip42
\belowcaptionskip=\skip43
\c@figure=\count86
\c@table=\count87
\@IEEEeqnnumcols=\count88
\@IEEEeqncolcnt=\count89
\@IEEEtmpitemindent=\dimen116
\c@IEEEbiography=\count90
\@IEEEtranrubishbin=\box26
) ("C:\Users\Ntoutsi\AppData\Local\Programs\MiKTeX 2.9\tex\latex\cite\cite.sty"
LaTeX Info: Redefining \cite on input line 302.
LaTeX Info: Redefining \nocite on input line 332.
Package: cite 2015/02/27  v 5.5
)
("C:\Users\Ntoutsi\AppData\Local\Programs\MiKTeX 2.9\tex\latex\graphics\graphic
x.sty"
Package: graphicx 2014/10/28 v1.0g Enhanced LaTeX Graphics (DPC,SPQR)

("C:\Users\Ntoutsi\AppData\Local\Programs\MiKTeX 2.9\tex\latex\graphics\keyval.
sty"
Package: keyval 2014/10/28 v1.15 key=value parser (DPC)
\KV@toks@=\toks15
)
("C:\Users\Ntoutsi\AppData\Local\Programs\MiKTeX 2.9\tex\latex\graphics\graphic
s.sty"
Package: graphics 2014/10/28 v1.0p Standard LaTeX Graphics (DPC,SPQR)

("C:\Users\Ntoutsi\AppData\Local\Programs\MiKTeX 2.9\tex\latex\graphics\trig.st
y"
Package: trig 1999/03/16 v1.09 sin cos tan (DPC)
)
("C:\Users\Ntoutsi\AppData\Local\Programs\MiKTeX 2.9\tex\latex\00miktex\graphic
s.cfg"
File: graphics.cfg 2007/01/18 v1.5 graphics configuration of teTeX/TeXLive
)
Package graphics Info: Driver file: pdftex.def on input line 94.

("C:\Users\Ntoutsi\AppData\Local\Programs\MiKTeX 2.9\tex\latex\pdftex-def\pdfte
x.def"
File: pdftex.def 2011/05/27 v0.06d Graphics/color for pdfTeX

("C:\Users\Ntoutsi\AppData\Local\Programs\MiKTeX 2.9\tex\generic\oberdiek\infwa
rerr.sty"
Package: infwarerr 2010/04/08 v1.3 Providing info/warning/error messages (HO)
)
("C:\Users\Ntoutsi\AppData\Local\Programs\MiKTeX 2.9\tex\generic\oberdiek\ltxcm
ds.sty"
Package: ltxcmds 2011/11/09 v1.22 LaTeX kernel commands for general use (HO)
)
\Gread@gobject=\count91
))
\Gin@req@height=\dimen117
\Gin@req@width=\dimen118
)
("C:\Users\Ntoutsi\AppData\Local\Programs\MiKTeX 2.9\tex\latex\amsmath\amsmath.
sty"
Package: amsmath 2013/01/14 v2.14 AMS math features
\@mathmargin=\skip44

For additional information on amsmath, use the `?' option.

("C:\Users\Ntoutsi\AppData\Local\Programs\MiKTeX 2.9\tex\latex\amsmath\amstext.
sty"
Package: amstext 2000/06/29 v2.01

("C:\Users\Ntoutsi\AppData\Local\Programs\MiKTeX 2.9\tex\latex\amsmath\amsgen.s
ty"
File: amsgen.sty 1999/11/30 v2.0
\@emptytoks=\toks16
\ex@=\dimen119
))
("C:\Users\Ntoutsi\AppData\Local\Programs\MiKTeX 2.9\tex\latex\amsmath\amsbsy.s
ty"
Package: amsbsy 1999/11/29 v1.2d
\pmbraise@=\dimen120
)
("C:\Users\Ntoutsi\AppData\Local\Programs\MiKTeX 2.9\tex\latex\amsmath\amsopn.s
ty"
Package: amsopn 1999/12/14 v2.01 operator names
)
\inf@bad=\count92
LaTeX Info: Redefining \frac on input line 210.
\uproot@=\count93
\leftroot@=\count94
LaTeX Info: Redefining \overline on input line 306.
\classnum@=\count95
\DOTSCASE@=\count96
LaTeX Info: Redefining \ldots on input line 378.
LaTeX Info: Redefining \dots on input line 381.
LaTeX Info: Redefining \cdots on input line 466.
\Mathstrutbox@=\box27
\strutbox@=\box28
\big@size=\dimen121
LaTeX Font Info:    Redeclaring font encoding OML on input line 566.
LaTeX Font Info:    Redeclaring font encoding OMS on input line 567.
\macc@depth=\count97
\c@MaxMatrixCols=\count98
\dotsspace@=\muskip10
\c@parentequation=\count99
\dspbrk@lvl=\count100
\tag@help=\toks17
\row@=\count101
\column@=\count102
\maxfields@=\count103
\andhelp@=\toks18
\eqnshift@=\dimen122
\alignsep@=\dimen123
\tagshift@=\dimen124
\tagwidth@=\dimen125
\totwidth@=\dimen126
\lineht@=\dimen127
\@envbody=\toks19
\multlinegap=\skip45
\multlinetaggap=\skip46
\mathdisplay@stack=\toks20
LaTeX Info: Redefining \[ on input line 2665.
LaTeX Info: Redefining \] on input line 2666.
)
("C:\Users\Ntoutsi\AppData\Local\Programs\MiKTeX 2.9\tex\latex\algorithmicx\alg
pseudocode.sty"
Package: algpseudocode 

("C:\Users\Ntoutsi\AppData\Local\Programs\MiKTeX 2.9\tex\latex\base\ifthen.sty"
Package: ifthen 2014/09/29 v1.1c Standard LaTeX ifthen package (DPC)
)
("C:\Users\Ntoutsi\AppData\Local\Programs\MiKTeX 2.9\tex\latex\algorithmicx\alg
orithmicx.sty"
Package: algorithmicx 2005/04/27 v1.2 Algorithmicx

Document Style algorithmicx 1.2 - a greatly improved `algorithmic' style
\c@ALG@line=\count104
\c@ALG@rem=\count105
\c@ALG@nested=\count106
\ALG@tlm=\skip47
\ALG@thistlm=\skip48
\c@ALG@Lnr=\count107
\c@ALG@blocknr=\count108
\c@ALG@storecount=\count109
\c@ALG@tmpcounter=\count110
\ALG@tmplength=\skip49
)
Document Style - pseudocode environments for use with the `algorithmicx' style
)
("C:\Users\Ntoutsi\AppData\Local\Programs\MiKTeX 2.9\tex\latex\algorithms\algor
ithm.sty"
Package: algorithm 2009/08/24 v0.1 Document Style `algorithm' - floating enviro
nment

("C:\Users\Ntoutsi\AppData\Local\Programs\MiKTeX 2.9\tex\latex\float\float.sty"
Package: float 2001/11/08 v1.3d Float enhancements (AL)
\c@float@type=\count111
\float@exts=\toks21
\float@box=\box29
\@float@everytoks=\toks22
\@floatcapt=\box30
)
\@float@every@algorithm=\toks23
\c@algorithm=\count112
)
("C:\Users\Ntoutsi\AppData\Local\Programs\MiKTeX 2.9\tex\latex\subfigure\subfig
ure.sty"
Package: subfigure 2002/07/30 v2.1.4 subfigure package
\subfigtopskip=\skip50
\subfigcapskip=\skip51
\subfigcaptopadj=\dimen128
\subfigbottomskip=\skip52
\subfigcapmargin=\dimen129
\subfiglabelskip=\skip53
\c@subfigure=\count113
\c@lofdepth=\count114
\c@subtable=\count115
\c@lotdepth=\count116

****************************************
* Local config file subfigure.cfg used *
****************************************

("C:\Users\Ntoutsi\AppData\Local\Programs\MiKTeX 2.9\tex\latex\subfigure\subfig
ure.cfg")
\subfig@top=\skip54
\subfig@bottom=\skip55
)
("C:\Users\Ntoutsi\AppData\Local\Programs\MiKTeX 2.9\tex\latex\listings\listing
s.sty"
\lst@mode=\count117
\lst@gtempboxa=\box31
\lst@token=\toks24
\lst@length=\count118
\lst@currlwidth=\dimen130
\lst@column=\count119
\lst@pos=\count120
\lst@lostspace=\dimen131
\lst@width=\dimen132
\lst@newlines=\count121
\lst@lineno=\count122
\lst@maxwidth=\dimen133

("C:\Users\Ntoutsi\AppData\Local\Programs\MiKTeX 2.9\tex\latex\listings\lstmisc
.sty"
File: lstmisc.sty 2015/06/04 1.6 (Carsten Heinz)
\c@lstnumber=\count123
\lst@skipnumbers=\count124
\lst@framebox=\box32
)
("C:\Users\Ntoutsi\AppData\Local\Programs\MiKTeX 2.9\tex\latex\listings\listing
s.cfg"
File: listings.cfg 2015/06/04 1.6 listings configuration
))
Package: listings 2015/06/04 1.6 (Carsten Heinz)
\c@theorem=\count125

("C:\Users\Ntoutsi\AppData\Local\Programs\MiKTeX 2.9\tex\latex\graphics\color.s
ty"
Package: color 2014/10/28 v1.1a Standard LaTeX Color (DPC)

("C:\Users\Ntoutsi\AppData\Local\Programs\MiKTeX 2.9\tex\latex\00miktex\color.c
fg"
File: color.cfg 2007/01/18 v1.5 color configuration of teTeX/TeXLive
)
Package color Info: Driver file: pdftex.def on input line 142.
)
("C:\Users\Ntoutsi\AppData\Local\Programs\MiKTeX 2.9\tex\latex\amsfonts\amssymb
.sty"
Package: amssymb 2013/01/14 v3.01 AMS font symbols

("C:\Users\Ntoutsi\AppData\Local\Programs\MiKTeX 2.9\tex\latex\amsfonts\amsfont
s.sty"
Package: amsfonts 2013/01/14 v3.01 Basic AMSFonts support
\symAMSa=\mathgroup4
\symAMSb=\mathgroup5
LaTeX Font Info:    Overwriting math alphabet `\mathfrak' in version `bold'
(Font)                  U/euf/m/n --> U/euf/b/n on input line 106.
))
("C:\Users\Ntoutsi\AppData\Local\Programs\MiKTeX 2.9\tex\latex\bbm\bbm.sty"
Package: bbm 1999/03/15 V 1.2 provides fonts for set symbols - TH
LaTeX Font Info:    Overwriting math alphabet `\mathbbm' in version `bold'
(Font)                  U/bbm/m/n --> U/bbm/bx/n on input line 33.
LaTeX Font Info:    Overwriting math alphabet `\mathbbmss' in version `bold'
(Font)                  U/bbmss/m/n --> U/bbmss/bx/n on input line 35.
)
("C:\Users\Ntoutsi\AppData\Local\Programs\MiKTeX 2.9\tex\latex\url\url.sty"
\Urlmuskip=\muskip11
Package: url 2013/09/16  ver 3.4  Verb mode for urls, etc.
)
("C:\Users\Ntoutsi\AppData\Local\Programs\MiKTeX 2.9\tex\latex\tools\verbatim.s
ty"
Package: verbatim 2014/10/28 v1.5q LaTeX2e package for verbatim enhancements
\every@verbatim=\toks25
\verbatim@line=\toks26
\verbatim@in@stream=\read1
)
("C:\Users\Ntoutsi\AppData\Local\Programs\MiKTeX 2.9\tex\latex\base\inputenc.st
y"
Package: inputenc 2015/03/17 v1.2c Input encoding file
\inpenc@prehook=\toks27
\inpenc@posthook=\toks28

("C:\Users\Ntoutsi\AppData\Local\Programs\MiKTeX 2.9\tex\latex\base\ansinew.def
"
File: ansinew.def 2015/03/17 v1.2c Input encoding file
)) (main.aux)
\openout1 = `main.aux'.

LaTeX Font Info:    Checking defaults for OML/cmm/m/it on input line 381.
LaTeX Font Info:    ... okay on input line 381.
LaTeX Font Info:    Checking defaults for T1/cmr/m/n on input line 381.
LaTeX Font Info:    ... okay on input line 381.
LaTeX Font Info:    Checking defaults for OT1/cmr/m/n on input line 381.
LaTeX Font Info:    ... okay on input line 381.
LaTeX Font Info:    Checking defaults for OMS/cmsy/m/n on input line 381.
LaTeX Font Info:    ... okay on input line 381.
LaTeX Font Info:    Checking defaults for OMX/cmex/m/n on input line 381.
LaTeX Font Info:    ... okay on input line 381.
LaTeX Font Info:    Checking defaults for U/cmr/m/n on input line 381.
LaTeX Font Info:    ... okay on input line 381.

("C:\Users\Ntoutsi\AppData\Local\Programs\MiKTeX 2.9\tex\context\base\supp-pdf.
mkii"
[Loading MPS to PDF converter (version 2006.09.02).]
\scratchcounter=\count126
\scratchdimen=\dimen134
\scratchbox=\box33
\nofMPsegments=\count127
\nofMParguments=\count128
\everyMPshowfont=\toks29
\MPscratchCnt=\count129
\MPscratchDim=\dimen135
\MPnumerator=\count130
\makeMPintoPDFobject=\count131
\everyMPtoPDFconversion=\toks30
)
\c@lstlisting=\count132
LaTeX Font Info:    Font shape `OT1/ptm/bx/n' in size <14> not available
(Font)              Font shape `OT1/ptm/b/n' tried instead on input line 437.
 (intro.tex

LaTeX Warning: Citation `clustreamOrig' on page 1 undefined on input line 4.


LaTeX Warning: Citation `clustreamOrig' on page 1 undefined on input line 13.

) (related.tex

LaTeX Warning: Citation `samoa' on page 1 undefined on input line 7.

LaTeX Font Info:    Try loading font information for U+msa on input line 12.
("C:\Users\Ntoutsi\AppData\Local\Programs\MiKTeX 2.9\tex\latex\amsfonts\umsa.fd
"
File: umsa.fd 2013/01/14 v3.01 AMS symbols A
)
LaTeX Font Info:    Try loading font information for U+msb on input line 12.

("C:\Users\Ntoutsi\AppData\Local\Programs\MiKTeX 2.9\tex\latex\amsfonts\umsb.fd
"
File: umsb.fd 2013/01/14 v3.01 AMS symbols B
)) (basics.tex [1{C:/Users/Ntoutsi/AppData/Local/MiKTeX/2.9/pdftex/config/pdfte
x.map}


]

LaTeX Warning: Citation `zhang96birch' on page 2 undefined on input line 20.


LaTeX Warning: Citation `clustreamOrig' on page 2 undefined on input line 20.


LaTeX Warning: Citation `clustreamOrig' on page 2 undefined on input line 27.


Underfull \hbox (badness 2735) in paragraph at lines 29--31
[]\OT1/ptm/m/n/10 A micro-cluster for a set of d-dimensional points
 []


LaTeX Warning: Citation `clustreamOrig' on page 2 undefined on input line 50.

<./styles/pyramidalFrame.png, id=10, 304.88907pt x 124.96687pt>
File: ./styles/pyramidalFrame.png Graphic file (type png)

<use ./styles/pyramidalFrame.png>
Package pdftex.def Info: ./styles/pyramidalFrame.png used on input line 56.
(pdftex.def)             Requested size: 228.66623pt x 93.72491pt.
 [2 <./styles/pyramidalFrame.png>]

LaTeX Warning: Citation `clustreamOrig' on page 3 undefined on input line 70.


LaTeX Warning: Citation `SparkResearch' on page 3 undefined on input line 79.

<./styles/streaming-flow.png, id=24, 516.0078pt x 115.1502pt>
File: ./styles/streaming-flow.png Graphic file (type png)

<use ./styles/streaming-flow.png>
Package pdftex.def Info: ./styles/streaming-flow.png used on input line 98.
(pdftex.def)             Requested size: 232.20135pt x 51.81711pt.


LaTeX Warning: Citation `sparkStreaming' on page 3 undefined on input line 104.


<./styles/streaming-dstream.png, id=26, 525.6438pt x 115.1502pt>
File: ./styles/streaming-dstream.png Graphic file (type png)

<use ./styles/streaming-dstream.png>
Package pdftex.def Info: ./styles/streaming-dstream.png used on input line 109.

(pdftex.def)             Requested size: 236.53752pt x 51.81711pt.
) (our.tex [3 <./styles/streaming-flow.png> <./styles/streaming-dstream.png>]

LaTeX Warning: Citation `clustreamOrig' on page 4 undefined on input line 9.


Underfull \hbox (badness 3039) in paragraph at lines 14--15
[]\OT1/ptm/m/it/10 rdd: RDD[breeze.linalg.Vector[Double]], mcInfo:
 []


Overfull \hbox (6.1179pt too wide) in paragraph at lines 21--22
[] $\OML/cmm/m/it/10 distance \OMS/cmsy/m/n/10   \OML/cmm/m/it/10 squaredDistan
ce\OT1/cmr/m/n/10 (\OML/cmm/m/it/10 p; mc[]:centroid\OT1/cmr/m/n/10 )$ 
 []


("C:\Users\Ntoutsi\AppData\Local\Programs\MiKTeX 2.9\tex\latex\listings\lstlang
1.sty"
File: lstlang1.sty 2015/06/04 1.6 listings language file
)
("C:\Users\Ntoutsi\AppData\Local\Programs\MiKTeX 2.9\tex\latex\listings\lstlang
2.sty"
File: lstlang2.sty 2015/06/04 1.6 listings language file
)
("C:\Users\Ntoutsi\AppData\Local\Programs\MiKTeX 2.9\tex\latex\listings\lstlang
3.sty"
File: lstlang3.sty 2015/06/04 1.6 listings language file
)
LaTeX Font Info:    Try loading font information for OMS+ptm on input line 37.

("C:\Users\Ntoutsi\AppData\Local\Programs\MiKTeX 2.9\tex\latex\psnfss\omsptm.fd
"
File: omsptm.fd 
)
LaTeX Font Info:    Font shape `OMS/ptm/m/n' in size <8> not available
(Font)              Font shape `OMS/cmsy/m/n' tried instead on input line 37.
LaTeX Font Info:    Try loading font information for OML+ptm on input line 38.

("C:\Users\Ntoutsi\AppData\Local\Programs\MiKTeX 2.9\tex\latex\psnfss\omlptm.fd
"
File: omlptm.fd 
)

LaTeX Font Warning: Font shape `OML/ptm/bx/n' undefined
(Font)              using `OML/ptm/m/it' instead
(Font)              for symbol `textgreater' on input line 38.

LaTeX Font Info:    Font shape `OML/ptm/m/it' in size <8> not available
(Font)              Font shape `OML/cmm/m/it' tried instead on input line 38.
LaTeX Font Info:    Font shape `OML/ptm/bx/n' in size <8> not available
(Font)              Font shape `OML/cmm/m/it' tried instead on input line 41.
LaTeX Font Info:    Font shape `OML/ptm/m/n' in size <8> not available
(Font)              Font shape `OML/cmm/m/it' tried instead on input line 43.
[4]
Overfull \hbox (24.63052pt too wide) detected at line 104
\OML/cmm/m/it/10 dataIn:mapValues\OT1/cmr/m/n/10 (\OML/cmm/m/it/10 :::\OT1/cmr/
m/n/10 )\OML/cmm/m/it/10 :reduceByKey\OT1/cmr/m/n/10 (\OML/cmm/m/it/10 aggregat
eFunction\OT1/cmr/m/n/10 ) =
 []


Overfull \hbox (8.19057pt too wide) detected at line 105
\OMS/cmsy/m/n/10 f\OT1/cmr/m/n/10 (\OML/cmm/m/it/10 id[]; \OT1/cmr/m/n/10 (\OML
/cmm/m/it/10 p[] \OT1/cmr/m/n/10 + \OML/cmm/m/it/10 p[] \OT1/cmr/m/n/10 + \OML/
cmm/m/it/10 :::; p[]Ip[] \OT1/cmr/m/n/10 + \OML/cmm/m/it/10 p[]Ip[] \OT1/cmr/m/
n/10 + \OML/cmm/m/it/10 :::; \OT1/cmr/m/n/10 1 + 1 + \OML/cmm/m/it/10 :::\OT1/c
mr/m/n/10 ))\OML/cmm/m/it/10 ; :::\OMS/cmsy/m/n/10 g
 []


Underfull \hbox (badness 2478) in paragraph at lines 107--108
[]\OT1/ptm/m/n/10 The $\OT1/cmr/m/n/10 (\OML/cmm/m/it/10 key; value\OT1/cmr/m/n
/10 )$ \OT1/ptm/m/n/10 pairs are im-por-tant here be-cause
 []


Underfull \hbox (badness 2521) in paragraph at lines 107--108
\OT1/ptm/m/n/10 are "re-duced" to-gether, re-sult-ing in tu-ples con-tain-ing
 []


Underfull \hbox (badness 5105) in paragraph at lines 116--117
[]\OT1/ptm/m/n/10 If the point lies within the re-stric-tion re-gard-
 []


Underfull \hbox (badness 3838) in paragraph at lines 116--117
\OT1/ptm/m/n/10 ing the RMSD for its near-est micro-cluster in
 []


Underfull \hbox (badness 6445) in paragraph at lines 118--119
[]\OT1/ptm/m/n/10 If none of the pre-vi-ous sce-nar-ios are vi-able,
 []


Underfull \hbox (badness 3872) in paragraph at lines 118--119
\OT1/ptm/m/n/10 then the two mirco-clusters that are clos-est to
 []


Underfull \hbox (badness 1509) in paragraph at lines 118--119
\OT1/ptm/m/n/10 each other get merged, free-ing one spot to cre-
 []


Underfull \hbox (badness 1874) in paragraph at lines 118--119
\OT1/ptm/m/n/10 ate the new micro-cluster. This is the the most
 []


Underfull \hbox (badness 4084) in paragraph at lines 118--119
\OT1/ptm/m/n/10 com-pu-ta-tion-ally ex-pen-sive sce-nario. The func-tion
 []


LaTeX Warning: `h' float specifier changed to `ht'.

[5]

LaTeX Warning: Citation `clustreamOrig' on page 6 undefined on input line 155.


Underfull \hbox (badness 10000) in paragraph at lines 167--168
[]\OT1/ptm/m/it/10 sc: Spark-Con-text, k: Int, n: Int,
 []


Overfull \hbox (32.8255pt too wide) in paragraph at lines 176--177
[]$\OMS/cmsy/m/n/10 f\OML/cmm/m/it/10 sample\OT1/cmr/m/n/10 (\OML/cmm/m/it/10 c
enters; weights\OT1/cmr/m/n/10 )[]\OML/cmm/m/it/10 ; :::; sample\OT1/cmr/m/n/10
 (\OML/cmm/m/it/10 centers; weights\OT1/cmr/m/n/10 )[]\OMS/cmsy/m/n/10 g$ 
 []


Overfull \hbox (32.30234pt too wide) in paragraph at lines 178--179
[]$\OMS/cmsy/m/n/10 f\OML/cmm/m/it/10 sample\OT1/cmr/m/n/10 (\OML/cmm/m/it/10 c
enters; weights\OT1/cmr/m/n/10 )[]\OML/cmm/m/it/10 ; :::; sample\OT1/cmr/m/n/10
 (\OML/cmm/m/it/10 centers; weights\OT1/cmr/m/n/10 )[]\OMS/cmsy/m/n/10 g$ 
 []


LaTeX Warning: `h' float specifier changed to `ht'.

<./styles/sampling.png, id=39, 570.63188pt x 412.54124pt>
File: ./styles/sampling.png Graphic file (type png)

<use ./styles/sampling.png>
Package pdftex.def Info: ./styles/sampling.png used on input line 199.
(pdftex.def)             Requested size: 228.2487pt x 165.01357pt.


LaTeX Warning: `!h' float specifier changed to `!ht'.

) (experiments.tex [6] (expQuality.tex

LaTeX Warning: Citation `clustreamOrig' on page 7 undefined on input line 7.


Underfull \hbox (badness 10000) in paragraph at lines 6--12
 \OT1/ptm/m/it/10 1) Qual-ity of $\OML/cmm/m/it/10 Spark \OMS/cmsy/m/n/10   \OM
L/cmm/m/it/10 CluStream$ \OT1/ptm/m/it/10 vs orig-i-nal
 []


Underfull \hbox (badness 10000) in paragraph at lines 6--12
\OT1/ptm/m/n/10 We used the same pa-ram-e-ters as in [\OT1/ptm/b/n/10 ?\OT1/ptm
/m/n/10 ], i.e.,
 []


LaTeX Warning: Citation `clustreamOrig' on page 7 undefined on input line 13.


LaTeX Warning: Citation `STREAM' on page 7 undefined on input line 14.


LaTeX Warning: Citation `CluStream' on page 7 undefined on input line 19.


Underfull \hbox (badness 2384) in paragraph at lines 16--20
[]\OT1/ptm/m/n/10 Figure 6[] shows the re-sults ob-tained by $\OML/cmm/m/it/10 
Spark \OMS/cmsy/m/n/10  
 []

<./styles/2000h1-orig.png, id=43, 458.46281pt x 281.55188pt>
File: ./styles/2000h1-orig.png Graphic file (type png)

<use ./styles/2000h1-orig.png>
Package pdftex.def Info: ./styles/2000h1-orig.png used on input line 39.
(pdftex.def)             Requested size: 219.51863pt x 134.81255pt.


LaTeX Warning: Citation `clustreamOrig' on page 7 undefined on input line 40.

<./styles/2000h1.png, id=44, 578.16pt x 433.62pt>
File: ./styles/2000h1.png Graphic file (type png)
 <use ./styles/2000h1.png>
Package pdftex.def Info: ./styles/2000h1.png used on input line 45.
(pdftex.def)             Requested size: 219.51863pt x 164.63837pt.

<./styles/200h256-orig.png, id=45, 466.74374pt x 316.18124pt>
File: ./styles/200h256-orig.png Graphic file (type png)

<use ./styles/200h256-orig.png>
Package pdftex.def Info: ./styles/200h256-orig.png used on input line 61.
(pdftex.def)             Requested size: 219.51863pt x 148.70651pt.


LaTeX Warning: Citation `clustreamOrig' on page 7 undefined on input line 62.

<./styles/200h256.png, id=46, 578.16pt x 433.62pt>
File: ./styles/200h256.png Graphic file (type png)
 <use ./styles/200h256.png>
Package pdftex.def Info: ./styles/200h256.png used on input line 67.
(pdftex.def)             Requested size: 219.51863pt x 164.63837pt.


LaTeX Warning: Citation `CluStream' on page 7 undefined on input line 79.


LaTeX Warning: Reference `sec:scalability' on page 7 undefined on input line 94
.

[7 <./styles/sampling.png>]

LaTeX Warning: Reference `validation' on page 8 undefined on input line 118.

<./styles/comparison2000.png, id=51, 922.1652pt x 462.528pt>
File: ./styles/comparison2000.png Graphic file (type png)

<use ./styles/comparison2000.png>
Package pdftex.def Info: ./styles/comparison2000.png used on input line 126.
(pdftex.def)             Requested size: 276.6517pt x 138.75946pt.

Overfull \hbox (32.74045pt too wide) in paragraph at lines 126--127
 [][] 
 []


LaTeX Warning: `h' float specifier changed to `ht'.

[8 <./styles/2000h1-orig.png> <./styles/2000h1.png> <./styles/200h256-orig.png>
 <./styles/200h256.png>]
<./styles/comparisonNoSnaps.png, id=58, 738.5994pt x 433.62pt>
File: ./styles/comparisonNoSnaps.png Graphic file (type png)

<use ./styles/comparisonNoSnaps.png>
Package pdftex.def Info: ./styles/comparisonNoSnaps.png used on input line 139.

(pdftex.def)             Requested size: 258.51366pt x 151.76927pt.

Overfull \hbox (14.6024pt too wide) in paragraph at lines 139--140
 [][] 
 []


Underfull \vbox (badness 1048) has occurred while \output is active []


<./styles/comparison200.png, id=59, 1086.2181pt x 560.8152pt>
File: ./styles/comparison200.png Graphic file (type png)

<use ./styles/comparison200.png>
Package pdftex.def Info: ./styles/comparison200.png used on input line 154.
(pdftex.def)             Requested size: 271.55385pt x 140.20345pt.

Overfull \hbox (27.6426pt too wide) in paragraph at lines 154--155
 [][] 
 []

[9 <./styles/comparison2000.png> <./styles/comparisonNoSnaps.png> <./styles/com
parison200.png>]
<./styles/comparisonNoSnaps2.png, id=66, 738.5994pt x 480.5955pt>
File: ./styles/comparisonNoSnaps2.png Graphic file (type png)

<use ./styles/comparisonNoSnaps2.png>
Package pdftex.def Info: ./styles/comparisonNoSnaps2.png used on input line 175
.
(pdftex.def)             Requested size: 258.51366pt x 168.21094pt.

Overfull \hbox (14.6024pt too wide) in paragraph at lines 175--176
 [][] 
 []

) (expScalability.tex <./styles/perf20-2.png, id=67, 844.1136pt x 619.3539pt>
File: ./styles/perf20-2.png Graphic file (type png)

<use ./styles/perf20-2.png>
Package pdftex.def Info: ./styles/perf20-2.png used on input line 11.
(pdftex.def)             Requested size: 253.23604pt x 185.8076pt.

Overfull \hbox (9.32478pt too wide) in paragraph at lines 11--12
 [][] 
 []


LaTeX Warning: `!h' float specifier changed to `!ht'.

<./styles/perf20-100.png, id=68, 844.1136pt x 619.3539pt>
File: ./styles/perf20-100.png Graphic file (type png)

<use ./styles/perf20-100.png>
Package pdftex.def Info: ./styles/perf20-100.png used on input line 23.
(pdftex.def)             Requested size: 253.23604pt x 185.8076pt.

Overfull \hbox (9.32478pt too wide) in paragraph at lines 23--24
 [][] 
 []

[10 <./styles/comparisonNoSnaps2.png> <./styles/perf20-2.png> <./styles/perf20-
100.png>] <./styles/perf200-2.png, id=75, 832.5504pt x 607.7907pt>
File: ./styles/perf200-2.png Graphic file (type png)

<use ./styles/perf200-2.png>
Package pdftex.def Info: ./styles/perf200-2.png used on input line 33.
(pdftex.def)             Requested size: 249.76704pt x 182.33861pt.

Overfull \hbox (5.85579pt too wide) in paragraph at lines 33--34
 [][] 
 []

<./styles/perf200-100.png, id=76, 844.1136pt x 619.3539pt>
File: ./styles/perf200-100.png Graphic file (type png)

<use ./styles/perf200-100.png>
Package pdftex.def Info: ./styles/perf200-100.png used on input line 43.
(pdftex.def)             Requested size: 253.23604pt x 185.8076pt.

Overfull \hbox (9.32478pt too wide) in paragraph at lines 43--44
 [][] 
 []


LaTeX Warning: `!h' float specifier changed to `!ht'.


LaTeX Warning: Reference `validation' on page 11 undefined on input line 57.

<./styles/perfComp2.png, id=77, 521.7894pt x 403.9893pt>
File: ./styles/perfComp2.png Graphic file (type png)

<use ./styles/perfComp2.png>
Package pdftex.def Info: ./styles/perfComp2.png used on input line 62.
(pdftex.def)             Requested size: 234.80305pt x 181.7935pt.

<./styles/perfComp100.png, id=78, 513.117pt x 409.0482pt>
File: ./styles/perfComp100.png Graphic file (type png)

<use ./styles/perfComp100.png>
Package pdftex.def Info: ./styles/perfComp100.png used on input line 71.
(pdftex.def)             Requested size: 230.90051pt x 184.06998pt.


LaTeX Warning: `!h' float specifier changed to `!ht'.


Underfull \hbox (badness 10000) in paragraph at lines 76--77
\OT1/ptm/m/n/10 shows a sig-nif-i-cant im-prove-ment over \OT1/ptm/m/it/10 Stre
amDM-
 []

<./styles/scalComp2.png, id=79, 578.16pt x 433.62pt>
File: ./styles/scalComp2.png Graphic file (type png)

<use ./styles/scalComp2.png>
Package pdftex.def Info: ./styles/scalComp2.png used on input line 81.
(pdftex.def)             Requested size: 260.16959pt x 195.1272pt.

Overfull \hbox (16.25833pt too wide) in paragraph at lines 81--82
 [][] 
 []


LaTeX Warning: `!h' float specifier changed to `!ht'.

<./styles/scalComp100.png, id=80, 522.5121pt x 403.2666pt>
File: ./styles/scalComp100.png Graphic file (type png)

<use ./styles/scalComp100.png>
Package pdftex.def Info: ./styles/scalComp100.png used on input line 90.
(pdftex.def)             Requested size: 235.12827pt x 181.46829pt.


LaTeX Warning: `!h' float specifier changed to `!ht'.

[11 <./styles/perf200-2.png> <./styles/perf200-100.png> <./styles/perfComp2.png
>] <./styles/singlemachine.png, id=86, 514.5624pt x 393.8715pt>
File: ./styles/singlemachine.png Graphic file (type png)

<use ./styles/singlemachine.png>
Package pdftex.def Info: ./styles/singlemachine.png used on input line 105.
(pdftex.def)             Requested size: 241.84436pt x 185.11963pt.


LaTeX Warning: `!h' float specifier changed to `!ht'.


Underfull \hbox (badness 3108) in paragraph at lines 114--115
[]\OT1/ptm/m/n/10 Another con-sid-er-a-tion to be made, is that \OT1/ptm/m/it/1
0 Spark-
 []

)) (conclusions.tex [12 <./styles/perfComp100.png> <./styles/scalComp2.png> <./
styles/scalComp100.png> <./styles/singlemachine.png>]

LaTeX Warning: Citation `clustreamOrig' on page 13 undefined on input line 12.

) (main.bbl)

** Conference Paper **
Before submitting the final camera ready copy, remember to:

 1. Manually equalize the lengths of two columns on the last page
 of your paper;

 2. Ensure that any PostScript and/or PDF output post-processing
 uses only Type 1 fonts and that every step in the generation
 process uses the appropriate paper size.

[13] (main.aux)

LaTeX Font Warning: Some font shapes were not available, defaults substituted.


LaTeX Warning: There were undefined references.

 ) 
Here is how much of TeX's memory you used:
 5854 strings out of 493634
 84303 string characters out of 3134423
 218704 words of memory out of 3000000
 9104 multiletter control sequences out of 15000+200000
 45013 words of font info for 90 fonts, out of 3000000 for 9000
 1028 hyphenation exceptions out of 8191
 28i,11n,42p,1118b,1623s stack positions out of 5000i,500n,10000p,200000b,50000s
{C:/Users/Ntoutsi/AppData/Local/Programs/MiKTeX 2.9/fonts/enc/dvips/fontname/
8r.enc}<C:/Users/Ntoutsi/AppData/Local/Programs/MiKTeX 2.9/fonts/type1/public/a
msfonts/cm/cmex10.pfb><C:/Users/Ntoutsi/AppData/Local/Programs/MiKTeX 2.9/fonts
/type1/public/amsfonts/cm/cmmi10.pfb><C:/Users/Ntoutsi/AppData/Local/Programs/M
iKTeX 2.9/fonts/type1/public/amsfonts/cm/cmmi5.pfb><C:/Users/Ntoutsi/AppData/Lo
cal/Programs/MiKTeX 2.9/fonts/type1/public/amsfonts/cm/cmmi7.pfb><C:/Users/Ntou
tsi/AppData/Local/Programs/MiKTeX 2.9/fonts/type1/public/amsfonts/cm/cmmi8.pfb>
<C:/Users/Ntoutsi/AppData/Local/Programs/MiKTeX 2.9/fonts/type1/public/amsfonts
/cm/cmr10.pfb><C:/Users/Ntoutsi/AppData/Local/Programs/MiKTeX 2.9/fonts/type1/p
ublic/amsfonts/cm/cmr5.pfb><C:/Users/Ntoutsi/AppData/Local/Programs/MiKTeX 2.9/
fonts/type1/public/amsfonts/cm/cmr6.pfb><C:/Users/Ntoutsi/AppData/Local/Program
s/MiKTeX 2.9/fonts/type1/public/amsfonts/cm/cmr7.pfb><C:/Users/Ntoutsi/AppData/
Local/Programs/MiKTeX 2.9/fonts/type1/public/amsfonts/cm/cmr8.pfb><C:/Users/Nto
utsi/AppData/Local/Programs/MiKTeX 2.9/fonts/type1/public/amsfonts/cm/cmsy10.pf
b><C:/Users/Ntoutsi/AppData/Local/Programs/MiKTeX 2.9/fonts/type1/public/amsfon
ts/cm/cmsy7.pfb><C:/Users/Ntoutsi/AppData/Local/Programs/MiKTeX 2.9/fonts/type1
/public/amsfonts/cm/cmsy8.pfb><C:/Users/Ntoutsi/AppData/Local/Programs/MiKTeX 2
.9/fonts/type1/urw/times/utmb8a.pfb><C:/Users/Ntoutsi/AppData/Local/Programs/Mi
KTeX 2.9/fonts/type1/urw/times/utmbi8a.pfb><C:/Users/Ntoutsi/AppData/Local/Prog
rams/MiKTeX 2.9/fonts/type1/urw/times/utmr8a.pfb><C:/Users/Ntoutsi/AppData/Loca
l/Programs/MiKTeX 2.9/fonts/type1/urw/times/utmri8a.pfb>
Output written on main.pdf (13 pages, 1020569 bytes).
PDF statistics:
 148 PDF objects out of 1000 (max. 8388607)
 0 named destinations out of 1000 (max. 500000)
 106 words of extra memory for PDF output out of 10000 (max. 10000000)

